<?xml version="1.0" encoding="UTF-8"?>
<TestSessionContainer xmlns="http://www.codecover.org/xml/testsession-container" Date="1289572183609" TestSessionContainerId="3a34370a-a38a-44fe-9280-63bff8f8a8ff" version="1.0">
<SrcFileList>
<SrcFile Content="package at.ticketline.dao.jpa;&#10;&#10;import java.math.BigDecimal;&#10;import java.util.ArrayList;&#10;import java.util.List;&#10;import at.ticketline.dao.GenericDaoJpa;&#10;import at.ticketline.dao.interfaces.AuffuehrungDao;&#10;import at.ticketline.entity.Auffuehrung;&#10;import at.ticketline.entity.Platz;&#10;import at.ticketline.entity.PlatzStatus;&#10;&#10;public class AuffuehrungDaoJpa extends GenericDaoJpa&lt;Auffuehrung, Integer&gt;&#10;&#9;&#9;implements AuffuehrungDao {&#10;&#10;&#10;&#9;@SuppressWarnings(&quot;unchecked&quot;)&#10;&#9;public List&lt;Object[]&gt; findByVeranstaltungId(Integer id) {&#10;&#9;&#9;return (List&lt;Object[]&gt;) this.entityManager.createNamedQuery(&quot;Auffuehrung.findByVeranstaltung&quot;).setParameter(&quot;id&quot;, id).getResultList();&#10;&#9;}&#10;&#10;&#9;public List&lt;Platz&gt; findBest(Integer id) {&#10;&#9;&#9;Platz best = null;&#10;&#9;&#9;List&lt;Platz&gt; bestList = new ArrayList&lt;Platz&gt;();&#10;&#10;&#9;&#9;for (Platz p : this.findById(id.intValue()).getPlaetze()) {&#10;&#9;&#9;&#9;if (p.better(best))&#10;&#9;&#9;&#9;&#9;best = p;&#10;&#9;&#9;}&#10;&#10;&#9;&#9;bestList.add(best);&#10;&#9;&#9;return bestList;&#10;&#9;}&#10;&#10;&#9;public List&lt;Platz&gt; findBest(Integer id, Integer count) {&#10;&#9;&#9;List&lt;Platz&gt; bestList = new ArrayList&lt;Platz&gt;();&#10;&#10;&#9;&#9;for (Platz p : this.findById(id).getPlaetze()) {&#10;&#9;&#9;&#9;/*&#10;&#9;&#9;&#9; * Durchwandere bestList von hinten nach vorne und bestimme die&#10;&#9;&#9;&#9; * Position, an der p eingef�gt werden soll&#10;&#9;&#9;&#9; */&#10;&#9;&#9;&#9;int i = bestList.size() - 1;&#10;&#9;&#9;&#9;while ((i &gt;= 0) &amp;&amp; p.better(bestList.get(i))) {&#10;&#9;&#9;&#9;&#9;i--;&#10;&#9;&#9;&#9;}&#10;&#10;&#9;&#9;&#9;bestList.add(p);&#10;&#10;&#9;&#9;&#9;if (bestList.size() &gt; count) {&#10;&#9;&#9;&#9;&#9;bestList.remove(count);&#10;&#9;&#9;&#9;}&#10;&#9;&#9;}&#10;&#10;&#9;&#9;return bestList;&#10;&#9;}&#10;&#10;&#9;public List&lt;Platz&gt; findBest(Integer id, Integer count,&#10;&#9;&#9;&#9;BigDecimal maxEinzelPreis) {&#10;&#9;&#9;List&lt;Platz&gt; filterList = new ArrayList&lt;Platz&gt;();&#10;&#10;&#9;&#9;for (Platz p : this.findById(id).getPlaetze()) {&#10;&#9;&#9;&#9;if (p.getKategorie().getPreisstd().compareTo(maxEinzelPreis) &lt;= 0) {&#10;&#9;&#9;&#9;&#9;filterList.add(p);&#10;&#9;&#9;&#9;}&#10;&#9;&#9;}&#10;&#10;&#9;&#9;List&lt;Platz&gt; bestList = new ArrayList&lt;Platz&gt;();&#10;&#10;&#9;&#9;for (Platz p : filterList) {&#10;&#9;&#9;&#9;/*&#10;&#9;&#9;&#9; * Durchwandere bestList von hinten nach vorne und bestimme die&#10;&#9;&#9;&#9; * Position, an der p eingef�gt werden soll&#10;&#9;&#9;&#9; */&#10;&#9;&#9;&#9;int i = bestList.size() - 1;&#10;&#9;&#9;&#9;while ((i &gt;= 0) &amp;&amp; p.better(bestList.get(i))) {&#10;&#9;&#9;&#9;&#9;i--;&#10;&#9;&#9;&#9;}&#10;&#10;&#9;&#9;&#9;bestList.add(p);&#10;&#10;&#9;&#9;&#9;if (bestList.size() &gt; count) {&#10;&#9;&#9;&#9;&#9;bestList.remove(count);&#10;&#9;&#9;&#9;}&#10;&#9;&#9;}&#10;&#10;&#9;&#9;return bestList;&#10;&#9;}&#10;&#10;&#9;public List&lt;Platz&gt; findCheapest(Integer id) {&#10;&#9;&#9;Platz cheapest = null;&#10;&#9;&#9;List&lt;Platz&gt; cheapestList = new ArrayList&lt;Platz&gt;();&#10;&#10;&#9;&#9;for (Platz p : this.findById(id).getPlaetze()) {&#10;&#9;&#9;&#9;if (p.cheaper(cheapest))&#10;&#9;&#9;&#9;&#9;cheapest = p;&#10;&#9;&#9;}&#10;&#10;&#9;&#9;cheapestList.add(cheapest);&#10;&#9;&#9;return cheapestList;&#10;&#9;}&#10;&#10;&#9;@Override&#10;&#9;public List&lt;Platz&gt; findCheapest(Integer id, Integer count) {&#10;&#9;&#9;List&lt;Platz&gt; cheapestList = new ArrayList&lt;Platz&gt;();&#10;&#9;&#9;&#10;&#9;&#9;for (Platz p : this.findById(id).getPlaetze()) {&#10;&#9;&#9;&#9;/*&#10;&#9;&#9;&#9; * Durchwandere bestList von hinten nach vorne und bestimme die&#10;&#9;&#9;&#9; * Position, an der p eingef�gt werden soll&#10;&#9;&#9;&#9; */&#10;&#9;&#9;&#9;int i = cheapestList.size() - 1;&#10;&#9;&#9;&#9;while ((i &gt;= 0) &amp;&amp; p.cheaper(cheapestList.get(i))) {&#10;&#9;&#9;&#9;&#9;i--;&#10;&#9;&#9;&#9;}&#10;&#10;&#9;&#9;&#9;cheapestList.add(p);&#10;&#10;&#9;&#9;&#9;if (cheapestList.size() &gt; count) {&#10;&#9;&#9;&#9;&#9;cheapestList.remove(count);&#10;&#9;&#9;&#9;}&#10;&#9;&#9;}&#10;&#10;&#9;&#9;return cheapestList;&#10;&#9;}&#10;}&#10;" Filename="AuffuehrungDaoJpa.java" Intrnl_Id="1"/>
</SrcFileList>
<CritList>
<CritListEntry Name="org.codecover.model.utils.criteria.LoopCoverage" PluginName="org.codecover"/>
<CritListEntry Name="org.codecover.model.utils.criteria.BranchCoverage" PluginName="org.codecover"/>
<CritListEntry Name="org.codecover.model.utils.criteria.ConditionCoverage" PluginName="org.codecover"/>
<CritListEntry Name="org.codecover.model.utils.criteria.StatementCoverage" PluginName="org.codecover"/>
</CritList>
<BoolOpList>
<BoolOp Arity="2" Intrnl_Id="2" Name="conditional and (&amp;&amp;)">
<BoolAssgnmntBoolMapList>
<MapEntry BoolAssgnmnt="10" Value="false"/>
<MapEntry BoolAssgnmnt="02" Value="false"/>
<MapEntry BoolAssgnmnt="11" Value="true"/>
</BoolAssgnmntBoolMapList>
</BoolOp>
</BoolOpList>
<HierarchyLvlTypeList>
<HierarchyLvlType EnglishName="package" IntrnlName="package" Intrnl_Id="3"/>
<HierarchyLvlType EnglishName="class" IntrnlName="class" Intrnl_Id="4"/>
<HierarchyLvlType EnglishName="method" IntrnlName="method" Intrnl_Id="5"/>
<HierarchyLvlType EnglishName="default package" IntrnlName="default package" Intrnl_Id="6"/>
</HierarchyLvlTypeList>
<MASTRoot>
<HierarchyLvl HierarchyLvlId="219" HierarchyLvlTypeId="6" Intrnl_Id="7" Name="default package">
<Header/>
<LocList/>
<HierarchyLvl HierarchyLvlId="218" HierarchyLvlTypeId="3" Intrnl_Id="8" Name="at">
<Header/>
<LocList/>
<HierarchyLvl HierarchyLvlId="217" HierarchyLvlTypeId="3" Intrnl_Id="9" Name="ticketline">
<Header/>
<LocList/>
<HierarchyLvl HierarchyLvlId="216" HierarchyLvlTypeId="3" Intrnl_Id="10" Name="dao">
<Header/>
<LocList/>
<HierarchyLvl HierarchyLvlId="215" HierarchyLvlTypeId="3" Intrnl_Id="11" Name="jpa">
<Header/>
<LocList/>
<HierarchyLvl HierarchyLvlId="214" HierarchyLvlTypeId="4" Intrnl_Id="12" Name="AuffuehrungDaoJpa">
<Header>
<Loc EndOffset="424" SrcFileId="1" StartOffset="322"/>
</Header>
<LocList>
<Loc EndOffset="2973" SrcFileId="1" StartOffset="322"/>
</LocList>
<HierarchyLvl HierarchyLvlId="208" HierarchyLvlTypeId="5" Intrnl_Id="13" Name="findByVeranstaltungId">
<Header>
<Loc EndOffset="517" SrcFileId="1" StartOffset="430"/>
</Header>
<LocList>
<Loc EndOffset="659" SrcFileId="1" StartOffset="430"/>
</LocList>
<StmntSeq Intrnl_Id="14">
<LocList>
<Loc EndOffset="656" SrcFileId="1" StartOffset="522"/>
</LocList>
<BasicStmnt CovItemId="S1" CovItemPrefix="at.ticketline.dao.jpa.AuffuehrungDaoJpa.java" Intrnl_Id="15">
<LocList>
<Loc EndOffset="656" SrcFileId="1" StartOffset="522"/>
</LocList>
</BasicStmnt>
</StmntSeq>
</HierarchyLvl>
<HierarchyLvl HierarchyLvlId="209" HierarchyLvlTypeId="5" Intrnl_Id="16" Name="findBest">
<Header>
<Loc EndOffset="701" SrcFileId="1" StartOffset="662"/>
</Header>
<LocList>
<Loc EndOffset="922" SrcFileId="1" StartOffset="662"/>
</LocList>
<StmntSeq Intrnl_Id="17">
<LocList>
<Loc EndOffset="724" SrcFileId="1" StartOffset="706"/>
<Loc EndOffset="773" SrcFileId="1" StartOffset="727"/>
<Loc EndOffset="877" SrcFileId="1" StartOffset="777"/>
<Loc EndOffset="900" SrcFileId="1" StartOffset="881"/>
<Loc EndOffset="919" SrcFileId="1" StartOffset="903"/>
</LocList>
<BasicStmnt CovItemId="S2" CovItemPrefix="at.ticketline.dao.jpa.AuffuehrungDaoJpa.java" Intrnl_Id="18">
<LocList>
<Loc EndOffset="724" SrcFileId="1" StartOffset="706"/>
</LocList>
</BasicStmnt>
<BasicStmnt CovItemId="S3" CovItemPrefix="at.ticketline.dao.jpa.AuffuehrungDaoJpa.java" Intrnl_Id="19">
<LocList>
<Loc EndOffset="773" SrcFileId="1" StartOffset="727"/>
</LocList>
</BasicStmnt>
<LoopStmnt CovItemId="S4" CovItemPrefix="at.ticketline.dao.jpa.AuffuehrungDaoJpa.java" Intrnl_Id="20" MltplExecId="L1-2" MltplExecPrefix="at.ticketline.dao.jpa.AuffuehrungDaoJpa.java" NvrExecId="L1-0" NvrExecPrefix="at.ticketline.dao.jpa.AuffuehrungDaoJpa.java" OnceExecutedId="L1-1" OnceExecutedPrefix="at.ticketline.dao.jpa.AuffuehrungDaoJpa.java" OptBodyExec="true">
<StmntSeq Intrnl_Id="21">
<LocList>
<Loc EndOffset="873" SrcFileId="1" StartOffset="840"/>
</LocList>
<CondStmnt CovItemId="S5" CovItemPrefix="at.ticketline.dao.jpa.AuffuehrungDaoJpa.java" Intrnl_Id="22">
<Branch CovItemId="B1" CovItemPrefix="at.ticketline.dao.jpa.AuffuehrungDaoJpa.java" Implct="false" Intrnl_Id="23">
<Cond/>
<LocList>
<Loc EndOffset="873" SrcFileId="1" StartOffset="864"/>
</LocList>
<StmntSeq Intrnl_Id="24">
<LocList>
<Loc EndOffset="873" SrcFileId="1" StartOffset="864"/>
</LocList>
<BasicStmnt CovItemId="S6" CovItemPrefix="at.ticketline.dao.jpa.AuffuehrungDaoJpa.java" Intrnl_Id="25">
<LocList>
<Loc EndOffset="873" SrcFileId="1" StartOffset="864"/>
</LocList>
</BasicStmnt>
</StmntSeq>
</Branch>
<Branch CovItemId="B2" CovItemPrefix="at.ticketline.dao.jpa.AuffuehrungDaoJpa.java" Implct="true" Intrnl_Id="26">
<Cond/>
<LocList/>
<StmntSeq Intrnl_Id="27">
<LocList/>
</StmntSeq>
</Branch>
<Keyword EndOffset="842" SrcFileId="1" StartOffset="840"/>
<LocList>
<Loc EndOffset="873" SrcFileId="1" StartOffset="840"/>
</LocList>
<RootTerm CovItemId="C1" CovItemPrefix="at.ticketline.dao.jpa.AuffuehrungDaoJpa.java" Intrnl_Id="28">
<BasicBoolTerm Intrnl_Id="29">
<LocList>
<Loc EndOffset="858" SrcFileId="1" StartOffset="844"/>
</LocList>
</BasicBoolTerm>
</RootTerm>
</CondStmnt>
</StmntSeq>
<Keyword EndOffset="780" SrcFileId="1" StartOffset="777"/>
<LocList>
<Loc EndOffset="877" SrcFileId="1" StartOffset="777"/>
</LocList>
</LoopStmnt>
<BasicStmnt CovItemId="S7" CovItemPrefix="at.ticketline.dao.jpa.AuffuehrungDaoJpa.java" Intrnl_Id="30">
<LocList>
<Loc EndOffset="900" SrcFileId="1" StartOffset="881"/>
</LocList>
</BasicStmnt>
<BasicStmnt CovItemId="S8" CovItemPrefix="at.ticketline.dao.jpa.AuffuehrungDaoJpa.java" Intrnl_Id="31">
<LocList>
<Loc EndOffset="919" SrcFileId="1" StartOffset="903"/>
</LocList>
</BasicStmnt>
</StmntSeq>
</HierarchyLvl>
<HierarchyLvl HierarchyLvlId="210" HierarchyLvlTypeId="5" Intrnl_Id="32" Name="findBest">
<Header>
<Loc EndOffset="979" SrcFileId="1" StartOffset="925"/>
</Header>
<LocList>
<Loc EndOffset="1422" SrcFileId="1" StartOffset="925"/>
</LocList>
<StmntSeq Intrnl_Id="33">
<LocList>
<Loc EndOffset="1030" SrcFileId="1" StartOffset="984"/>
<Loc EndOffset="1399" SrcFileId="1" StartOffset="1034"/>
<Loc EndOffset="1419" SrcFileId="1" StartOffset="1403"/>
</LocList>
<BasicStmnt CovItemId="S9" CovItemPrefix="at.ticketline.dao.jpa.AuffuehrungDaoJpa.java" Intrnl_Id="34">
<LocList>
<Loc EndOffset="1030" SrcFileId="1" StartOffset="984"/>
</LocList>
</BasicStmnt>
<LoopStmnt CovItemId="S10" CovItemPrefix="at.ticketline.dao.jpa.AuffuehrungDaoJpa.java" Intrnl_Id="35" MltplExecId="L2-2" MltplExecPrefix="at.ticketline.dao.jpa.AuffuehrungDaoJpa.java" NvrExecId="L2-0" NvrExecPrefix="at.ticketline.dao.jpa.AuffuehrungDaoJpa.java" OnceExecutedId="L2-1" OnceExecutedPrefix="at.ticketline.dao.jpa.AuffuehrungDaoJpa.java" OptBodyExec="true">
<StmntSeq Intrnl_Id="36">
<LocList>
<Loc EndOffset="1241" SrcFileId="1" StartOffset="1213"/>
<Loc EndOffset="1306" SrcFileId="1" StartOffset="1245"/>
<Loc EndOffset="1327" SrcFileId="1" StartOffset="1311"/>
<Loc EndOffset="1395" SrcFileId="1" StartOffset="1332"/>
</LocList>
<BasicStmnt CovItemId="S11" CovItemPrefix="at.ticketline.dao.jpa.AuffuehrungDaoJpa.java" Intrnl_Id="37">
<LocList>
<Loc EndOffset="1241" SrcFileId="1" StartOffset="1213"/>
</LocList>
</BasicStmnt>
<LoopStmnt CovItemId="S12" CovItemPrefix="at.ticketline.dao.jpa.AuffuehrungDaoJpa.java" Intrnl_Id="38" MltplExecId="L3-2" MltplExecPrefix="at.ticketline.dao.jpa.AuffuehrungDaoJpa.java" NvrExecId="L3-0" NvrExecPrefix="at.ticketline.dao.jpa.AuffuehrungDaoJpa.java" OnceExecutedId="L3-1" OnceExecutedPrefix="at.ticketline.dao.jpa.AuffuehrungDaoJpa.java" OptBodyExec="true">
<StmntSeq Intrnl_Id="39">
<LocList>
<Loc EndOffset="1301" SrcFileId="1" StartOffset="1297"/>
</LocList>
<BasicStmnt CovItemId="S13" CovItemPrefix="at.ticketline.dao.jpa.AuffuehrungDaoJpa.java" Intrnl_Id="40">
<LocList>
<Loc EndOffset="1301" SrcFileId="1" StartOffset="1297"/>
</LocList>
</BasicStmnt>
</StmntSeq>
<Keyword EndOffset="1250" SrcFileId="1" StartOffset="1245"/>
<LocList>
<Loc EndOffset="1306" SrcFileId="1" StartOffset="1245"/>
</LocList>
<RootTerm CovItemId="C2" CovItemPrefix="at.ticketline.dao.jpa.AuffuehrungDaoJpa.java" Intrnl_Id="41">
<OpTerm BooleanOpId="2" Intrnl_Id="42">
<BasicBoolTerm Intrnl_Id="43">
<LocList>
<Loc EndOffset="1259" SrcFileId="1" StartOffset="1253"/>
</LocList>
</BasicBoolTerm>
<BasicBoolTerm Intrnl_Id="44">
<LocList>
<Loc EndOffset="1289" SrcFileId="1" StartOffset="1264"/>
</LocList>
</BasicBoolTerm>
<LocList>
<Loc EndOffset="1263" SrcFileId="1" StartOffset="1261"/>
</LocList>
</OpTerm>
</RootTerm>
</LoopStmnt>
<BasicStmnt CovItemId="S14" CovItemPrefix="at.ticketline.dao.jpa.AuffuehrungDaoJpa.java" Intrnl_Id="45">
<LocList>
<Loc EndOffset="1327" SrcFileId="1" StartOffset="1311"/>
</LocList>
</BasicStmnt>
<CondStmnt CovItemId="S15" CovItemPrefix="at.ticketline.dao.jpa.AuffuehrungDaoJpa.java" Intrnl_Id="46">
<Branch CovItemId="B3" CovItemPrefix="at.ticketline.dao.jpa.AuffuehrungDaoJpa.java" Implct="false" Intrnl_Id="47">
<Cond/>
<LocList>
<Loc EndOffset="1395" SrcFileId="1" StartOffset="1361"/>
</LocList>
<StmntSeq Intrnl_Id="48">
<LocList>
<Loc EndOffset="1390" SrcFileId="1" StartOffset="1367"/>
</LocList>
<BasicStmnt CovItemId="S16" CovItemPrefix="at.ticketline.dao.jpa.AuffuehrungDaoJpa.java" Intrnl_Id="49">
<LocList>
<Loc EndOffset="1390" SrcFileId="1" StartOffset="1367"/>
</LocList>
</BasicStmnt>
</StmntSeq>
</Branch>
<Branch CovItemId="B4" CovItemPrefix="at.ticketline.dao.jpa.AuffuehrungDaoJpa.java" Implct="true" Intrnl_Id="50">
<Cond/>
<LocList/>
<StmntSeq Intrnl_Id="51">
<LocList/>
</StmntSeq>
</Branch>
<Keyword EndOffset="1334" SrcFileId="1" StartOffset="1332"/>
<LocList>
<Loc EndOffset="1395" SrcFileId="1" StartOffset="1332"/>
</LocList>
<RootTerm CovItemId="C3" CovItemPrefix="at.ticketline.dao.jpa.AuffuehrungDaoJpa.java" Intrnl_Id="52">
<BasicBoolTerm Intrnl_Id="53">
<LocList>
<Loc EndOffset="1359" SrcFileId="1" StartOffset="1336"/>
</LocList>
</BasicBoolTerm>
</RootTerm>
</CondStmnt>
</StmntSeq>
<Keyword EndOffset="1037" SrcFileId="1" StartOffset="1034"/>
<LocList>
<Loc EndOffset="1399" SrcFileId="1" StartOffset="1034"/>
</LocList>
</LoopStmnt>
<BasicStmnt CovItemId="S17" CovItemPrefix="at.ticketline.dao.jpa.AuffuehrungDaoJpa.java" Intrnl_Id="54">
<LocList>
<Loc EndOffset="1419" SrcFileId="1" StartOffset="1403"/>
</LocList>
</BasicStmnt>
</StmntSeq>
</HierarchyLvl>
<HierarchyLvl HierarchyLvlId="211" HierarchyLvlTypeId="5" Intrnl_Id="55" Name="findBest">
<Header>
<Loc EndOffset="1509" SrcFileId="1" StartOffset="1425"/>
</Header>
<LocList>
<Loc EndOffset="2140" SrcFileId="1" StartOffset="1425"/>
</LocList>
<StmntSeq Intrnl_Id="56">
<LocList>
<Loc EndOffset="1562" SrcFileId="1" StartOffset="1514"/>
<Loc EndOffset="1718" SrcFileId="1" StartOffset="1566"/>
<Loc EndOffset="1768" SrcFileId="1" StartOffset="1722"/>
<Loc EndOffset="2117" SrcFileId="1" StartOffset="1772"/>
<Loc EndOffset="2137" SrcFileId="1" StartOffset="2121"/>
</LocList>
<BasicStmnt CovItemId="S18" CovItemPrefix="at.ticketline.dao.jpa.AuffuehrungDaoJpa.java" Intrnl_Id="57">
<LocList>
<Loc EndOffset="1562" SrcFileId="1" StartOffset="1514"/>
</LocList>
</BasicStmnt>
<LoopStmnt CovItemId="S19" CovItemPrefix="at.ticketline.dao.jpa.AuffuehrungDaoJpa.java" Intrnl_Id="58" MltplExecId="L4-2" MltplExecPrefix="at.ticketline.dao.jpa.AuffuehrungDaoJpa.java" NvrExecId="L4-0" NvrExecPrefix="at.ticketline.dao.jpa.AuffuehrungDaoJpa.java" OnceExecutedId="L4-1" OnceExecutedPrefix="at.ticketline.dao.jpa.AuffuehrungDaoJpa.java" OptBodyExec="true">
<StmntSeq Intrnl_Id="59">
<LocList>
<Loc EndOffset="1714" SrcFileId="1" StartOffset="1618"/>
</LocList>
<CondStmnt CovItemId="S20" CovItemPrefix="at.ticketline.dao.jpa.AuffuehrungDaoJpa.java" Intrnl_Id="60">
<Branch CovItemId="B5" CovItemPrefix="at.ticketline.dao.jpa.AuffuehrungDaoJpa.java" Implct="false" Intrnl_Id="61">
<Cond/>
<LocList>
<Loc EndOffset="1714" SrcFileId="1" StartOffset="1685"/>
</LocList>
<StmntSeq Intrnl_Id="62">
<LocList>
<Loc EndOffset="1709" SrcFileId="1" StartOffset="1691"/>
</LocList>
<BasicStmnt CovItemId="S21" CovItemPrefix="at.ticketline.dao.jpa.AuffuehrungDaoJpa.java" Intrnl_Id="63">
<LocList>
<Loc EndOffset="1709" SrcFileId="1" StartOffset="1691"/>
</LocList>
</BasicStmnt>
</StmntSeq>
</Branch>
<Branch CovItemId="B6" CovItemPrefix="at.ticketline.dao.jpa.AuffuehrungDaoJpa.java" Implct="true" Intrnl_Id="64">
<Cond/>
<LocList/>
<StmntSeq Intrnl_Id="65">
<LocList/>
</StmntSeq>
</Branch>
<Keyword EndOffset="1620" SrcFileId="1" StartOffset="1618"/>
<LocList>
<Loc EndOffset="1714" SrcFileId="1" StartOffset="1618"/>
</LocList>
<RootTerm CovItemId="C4" CovItemPrefix="at.ticketline.dao.jpa.AuffuehrungDaoJpa.java" Intrnl_Id="66">
<BasicBoolTerm Intrnl_Id="67">
<LocList>
<Loc EndOffset="1683" SrcFileId="1" StartOffset="1622"/>
</LocList>
</BasicBoolTerm>
</RootTerm>
</CondStmnt>
</StmntSeq>
<Keyword EndOffset="1569" SrcFileId="1" StartOffset="1566"/>
<LocList>
<Loc EndOffset="1718" SrcFileId="1" StartOffset="1566"/>
</LocList>
</LoopStmnt>
<BasicStmnt CovItemId="S22" CovItemPrefix="at.ticketline.dao.jpa.AuffuehrungDaoJpa.java" Intrnl_Id="68">
<LocList>
<Loc EndOffset="1768" SrcFileId="1" StartOffset="1722"/>
</LocList>
</BasicStmnt>
<LoopStmnt CovItemId="S23" CovItemPrefix="at.ticketline.dao.jpa.AuffuehrungDaoJpa.java" Intrnl_Id="69" MltplExecId="L5-2" MltplExecPrefix="at.ticketline.dao.jpa.AuffuehrungDaoJpa.java" NvrExecId="L5-0" NvrExecPrefix="at.ticketline.dao.jpa.AuffuehrungDaoJpa.java" OnceExecutedId="L5-1" OnceExecutedPrefix="at.ticketline.dao.jpa.AuffuehrungDaoJpa.java" OptBodyExec="true">
<StmntSeq Intrnl_Id="70">
<LocList>
<Loc EndOffset="1959" SrcFileId="1" StartOffset="1931"/>
<Loc EndOffset="2024" SrcFileId="1" StartOffset="1963"/>
<Loc EndOffset="2045" SrcFileId="1" StartOffset="2029"/>
<Loc EndOffset="2113" SrcFileId="1" StartOffset="2050"/>
</LocList>
<BasicStmnt CovItemId="S24" CovItemPrefix="at.ticketline.dao.jpa.AuffuehrungDaoJpa.java" Intrnl_Id="71">
<LocList>
<Loc EndOffset="1959" SrcFileId="1" StartOffset="1931"/>
</LocList>
</BasicStmnt>
<LoopStmnt CovItemId="S25" CovItemPrefix="at.ticketline.dao.jpa.AuffuehrungDaoJpa.java" Intrnl_Id="72" MltplExecId="L6-2" MltplExecPrefix="at.ticketline.dao.jpa.AuffuehrungDaoJpa.java" NvrExecId="L6-0" NvrExecPrefix="at.ticketline.dao.jpa.AuffuehrungDaoJpa.java" OnceExecutedId="L6-1" OnceExecutedPrefix="at.ticketline.dao.jpa.AuffuehrungDaoJpa.java" OptBodyExec="true">
<StmntSeq Intrnl_Id="73">
<LocList>
<Loc EndOffset="2019" SrcFileId="1" StartOffset="2015"/>
</LocList>
<BasicStmnt CovItemId="S26" CovItemPrefix="at.ticketline.dao.jpa.AuffuehrungDaoJpa.java" Intrnl_Id="74">
<LocList>
<Loc EndOffset="2019" SrcFileId="1" StartOffset="2015"/>
</LocList>
</BasicStmnt>
</StmntSeq>
<Keyword EndOffset="1968" SrcFileId="1" StartOffset="1963"/>
<LocList>
<Loc EndOffset="2024" SrcFileId="1" StartOffset="1963"/>
</LocList>
<RootTerm CovItemId="C5" CovItemPrefix="at.ticketline.dao.jpa.AuffuehrungDaoJpa.java" Intrnl_Id="75">
<OpTerm BooleanOpId="2" Intrnl_Id="76">
<BasicBoolTerm Intrnl_Id="77">
<LocList>
<Loc EndOffset="1977" SrcFileId="1" StartOffset="1971"/>
</LocList>
</BasicBoolTerm>
<BasicBoolTerm Intrnl_Id="78">
<LocList>
<Loc EndOffset="2007" SrcFileId="1" StartOffset="1982"/>
</LocList>
</BasicBoolTerm>
<LocList>
<Loc EndOffset="1981" SrcFileId="1" StartOffset="1979"/>
</LocList>
</OpTerm>
</RootTerm>
</LoopStmnt>
<BasicStmnt CovItemId="S27" CovItemPrefix="at.ticketline.dao.jpa.AuffuehrungDaoJpa.java" Intrnl_Id="79">
<LocList>
<Loc EndOffset="2045" SrcFileId="1" StartOffset="2029"/>
</LocList>
</BasicStmnt>
<CondStmnt CovItemId="S28" CovItemPrefix="at.ticketline.dao.jpa.AuffuehrungDaoJpa.java" Intrnl_Id="80">
<Branch CovItemId="B7" CovItemPrefix="at.ticketline.dao.jpa.AuffuehrungDaoJpa.java" Implct="false" Intrnl_Id="81">
<Cond/>
<LocList>
<Loc EndOffset="2113" SrcFileId="1" StartOffset="2079"/>
</LocList>
<StmntSeq Intrnl_Id="82">
<LocList>
<Loc EndOffset="2108" SrcFileId="1" StartOffset="2085"/>
</LocList>
<BasicStmnt CovItemId="S29" CovItemPrefix="at.ticketline.dao.jpa.AuffuehrungDaoJpa.java" Intrnl_Id="83">
<LocList>
<Loc EndOffset="2108" SrcFileId="1" StartOffset="2085"/>
</LocList>
</BasicStmnt>
</StmntSeq>
</Branch>
<Branch CovItemId="B8" CovItemPrefix="at.ticketline.dao.jpa.AuffuehrungDaoJpa.java" Implct="true" Intrnl_Id="84">
<Cond/>
<LocList/>
<StmntSeq Intrnl_Id="85">
<LocList/>
</StmntSeq>
</Branch>
<Keyword EndOffset="2052" SrcFileId="1" StartOffset="2050"/>
<LocList>
<Loc EndOffset="2113" SrcFileId="1" StartOffset="2050"/>
</LocList>
<RootTerm CovItemId="C6" CovItemPrefix="at.ticketline.dao.jpa.AuffuehrungDaoJpa.java" Intrnl_Id="86">
<BasicBoolTerm Intrnl_Id="87">
<LocList>
<Loc EndOffset="2077" SrcFileId="1" StartOffset="2054"/>
</LocList>
</BasicBoolTerm>
</RootTerm>
</CondStmnt>
</StmntSeq>
<Keyword EndOffset="1775" SrcFileId="1" StartOffset="1772"/>
<LocList>
<Loc EndOffset="2117" SrcFileId="1" StartOffset="1772"/>
</LocList>
</LoopStmnt>
<BasicStmnt CovItemId="S30" CovItemPrefix="at.ticketline.dao.jpa.AuffuehrungDaoJpa.java" Intrnl_Id="88">
<LocList>
<Loc EndOffset="2137" SrcFileId="1" StartOffset="2121"/>
</LocList>
</BasicStmnt>
</StmntSeq>
</HierarchyLvl>
<HierarchyLvl HierarchyLvlId="212" HierarchyLvlTypeId="5" Intrnl_Id="89" Name="findCheapest">
<Header>
<Loc EndOffset="2186" SrcFileId="1" StartOffset="2143"/>
</Header>
<LocList>
<Loc EndOffset="2425" SrcFileId="1" StartOffset="2143"/>
</LocList>
<StmntSeq Intrnl_Id="90">
<LocList>
<Loc EndOffset="2213" SrcFileId="1" StartOffset="2191"/>
<Loc EndOffset="2266" SrcFileId="1" StartOffset="2216"/>
<Loc EndOffset="2368" SrcFileId="1" StartOffset="2270"/>
<Loc EndOffset="2399" SrcFileId="1" StartOffset="2372"/>
<Loc EndOffset="2422" SrcFileId="1" StartOffset="2402"/>
</LocList>
<BasicStmnt CovItemId="S31" CovItemPrefix="at.ticketline.dao.jpa.AuffuehrungDaoJpa.java" Intrnl_Id="91">
<LocList>
<Loc EndOffset="2213" SrcFileId="1" StartOffset="2191"/>
</LocList>
</BasicStmnt>
<BasicStmnt CovItemId="S32" CovItemPrefix="at.ticketline.dao.jpa.AuffuehrungDaoJpa.java" Intrnl_Id="92">
<LocList>
<Loc EndOffset="2266" SrcFileId="1" StartOffset="2216"/>
</LocList>
</BasicStmnt>
<LoopStmnt CovItemId="S33" CovItemPrefix="at.ticketline.dao.jpa.AuffuehrungDaoJpa.java" Intrnl_Id="93" MltplExecId="L7-2" MltplExecPrefix="at.ticketline.dao.jpa.AuffuehrungDaoJpa.java" NvrExecId="L7-0" NvrExecPrefix="at.ticketline.dao.jpa.AuffuehrungDaoJpa.java" OnceExecutedId="L7-1" OnceExecutedPrefix="at.ticketline.dao.jpa.AuffuehrungDaoJpa.java" OptBodyExec="true">
<StmntSeq Intrnl_Id="94">
<LocList>
<Loc EndOffset="2364" SrcFileId="1" StartOffset="2322"/>
</LocList>
<CondStmnt CovItemId="S34" CovItemPrefix="at.ticketline.dao.jpa.AuffuehrungDaoJpa.java" Intrnl_Id="95">
<Branch CovItemId="B9" CovItemPrefix="at.ticketline.dao.jpa.AuffuehrungDaoJpa.java" Implct="false" Intrnl_Id="96">
<Cond/>
<LocList>
<Loc EndOffset="2364" SrcFileId="1" StartOffset="2351"/>
</LocList>
<StmntSeq Intrnl_Id="97">
<LocList>
<Loc EndOffset="2364" SrcFileId="1" StartOffset="2351"/>
</LocList>
<BasicStmnt CovItemId="S35" CovItemPrefix="at.ticketline.dao.jpa.AuffuehrungDaoJpa.java" Intrnl_Id="98">
<LocList>
<Loc EndOffset="2364" SrcFileId="1" StartOffset="2351"/>
</LocList>
</BasicStmnt>
</StmntSeq>
</Branch>
<Branch CovItemId="B10" CovItemPrefix="at.ticketline.dao.jpa.AuffuehrungDaoJpa.java" Implct="true" Intrnl_Id="99">
<Cond/>
<LocList/>
<StmntSeq Intrnl_Id="100">
<LocList/>
</StmntSeq>
</Branch>
<Keyword EndOffset="2324" SrcFileId="1" StartOffset="2322"/>
<LocList>
<Loc EndOffset="2364" SrcFileId="1" StartOffset="2322"/>
</LocList>
<RootTerm CovItemId="C7" CovItemPrefix="at.ticketline.dao.jpa.AuffuehrungDaoJpa.java" Intrnl_Id="101">
<BasicBoolTerm Intrnl_Id="102">
<LocList>
<Loc EndOffset="2345" SrcFileId="1" StartOffset="2326"/>
</LocList>
</BasicBoolTerm>
</RootTerm>
</CondStmnt>
</StmntSeq>
<Keyword EndOffset="2273" SrcFileId="1" StartOffset="2270"/>
<LocList>
<Loc EndOffset="2368" SrcFileId="1" StartOffset="2270"/>
</LocList>
</LoopStmnt>
<BasicStmnt CovItemId="S36" CovItemPrefix="at.ticketline.dao.jpa.AuffuehrungDaoJpa.java" Intrnl_Id="103">
<LocList>
<Loc EndOffset="2399" SrcFileId="1" StartOffset="2372"/>
</LocList>
</BasicStmnt>
<BasicStmnt CovItemId="S37" CovItemPrefix="at.ticketline.dao.jpa.AuffuehrungDaoJpa.java" Intrnl_Id="104">
<LocList>
<Loc EndOffset="2422" SrcFileId="1" StartOffset="2402"/>
</LocList>
</BasicStmnt>
</StmntSeq>
</HierarchyLvl>
<HierarchyLvl HierarchyLvlId="213" HierarchyLvlTypeId="5" Intrnl_Id="105" Name="findCheapest">
<Header>
<Loc EndOffset="2497" SrcFileId="1" StartOffset="2428"/>
</Header>
<LocList>
<Loc EndOffset="2971" SrcFileId="1" StartOffset="2428"/>
</LocList>
<StmntSeq Intrnl_Id="106">
<LocList>
<Loc EndOffset="2552" SrcFileId="1" StartOffset="2502"/>
<Loc EndOffset="2944" SrcFileId="1" StartOffset="2558"/>
<Loc EndOffset="2968" SrcFileId="1" StartOffset="2948"/>
</LocList>
<BasicStmnt CovItemId="S38" CovItemPrefix="at.ticketline.dao.jpa.AuffuehrungDaoJpa.java" Intrnl_Id="107">
<LocList>
<Loc EndOffset="2552" SrcFileId="1" StartOffset="2502"/>
</LocList>
</BasicStmnt>
<LoopStmnt CovItemId="S39" CovItemPrefix="at.ticketline.dao.jpa.AuffuehrungDaoJpa.java" Intrnl_Id="108" MltplExecId="L8-2" MltplExecPrefix="at.ticketline.dao.jpa.AuffuehrungDaoJpa.java" NvrExecId="L8-0" NvrExecPrefix="at.ticketline.dao.jpa.AuffuehrungDaoJpa.java" OnceExecutedId="L8-1" OnceExecutedPrefix="at.ticketline.dao.jpa.AuffuehrungDaoJpa.java" OptBodyExec="true">
<StmntSeq Intrnl_Id="109">
<LocList>
<Loc EndOffset="2769" SrcFileId="1" StartOffset="2737"/>
<Loc EndOffset="2839" SrcFileId="1" StartOffset="2773"/>
<Loc EndOffset="2864" SrcFileId="1" StartOffset="2844"/>
<Loc EndOffset="2940" SrcFileId="1" StartOffset="2869"/>
</LocList>
<BasicStmnt CovItemId="S40" CovItemPrefix="at.ticketline.dao.jpa.AuffuehrungDaoJpa.java" Intrnl_Id="110">
<LocList>
<Loc EndOffset="2769" SrcFileId="1" StartOffset="2737"/>
</LocList>
</BasicStmnt>
<LoopStmnt CovItemId="S41" CovItemPrefix="at.ticketline.dao.jpa.AuffuehrungDaoJpa.java" Intrnl_Id="111" MltplExecId="L9-2" MltplExecPrefix="at.ticketline.dao.jpa.AuffuehrungDaoJpa.java" NvrExecId="L9-0" NvrExecPrefix="at.ticketline.dao.jpa.AuffuehrungDaoJpa.java" OnceExecutedId="L9-1" OnceExecutedPrefix="at.ticketline.dao.jpa.AuffuehrungDaoJpa.java" OptBodyExec="true">
<StmntSeq Intrnl_Id="112">
<LocList>
<Loc EndOffset="2834" SrcFileId="1" StartOffset="2830"/>
</LocList>
<BasicStmnt CovItemId="S42" CovItemPrefix="at.ticketline.dao.jpa.AuffuehrungDaoJpa.java" Intrnl_Id="113">
<LocList>
<Loc EndOffset="2834" SrcFileId="1" StartOffset="2830"/>
</LocList>
</BasicStmnt>
</StmntSeq>
<Keyword EndOffset="2778" SrcFileId="1" StartOffset="2773"/>
<LocList>
<Loc EndOffset="2839" SrcFileId="1" StartOffset="2773"/>
</LocList>
<RootTerm CovItemId="C8" CovItemPrefix="at.ticketline.dao.jpa.AuffuehrungDaoJpa.java" Intrnl_Id="114">
<OpTerm BooleanOpId="2" Intrnl_Id="115">
<BasicBoolTerm Intrnl_Id="116">
<LocList>
<Loc EndOffset="2787" SrcFileId="1" StartOffset="2781"/>
</LocList>
</BasicBoolTerm>
<BasicBoolTerm Intrnl_Id="117">
<LocList>
<Loc EndOffset="2822" SrcFileId="1" StartOffset="2792"/>
</LocList>
</BasicBoolTerm>
<LocList>
<Loc EndOffset="2791" SrcFileId="1" StartOffset="2789"/>
</LocList>
</OpTerm>
</RootTerm>
</LoopStmnt>
<BasicStmnt CovItemId="S43" CovItemPrefix="at.ticketline.dao.jpa.AuffuehrungDaoJpa.java" Intrnl_Id="118">
<LocList>
<Loc EndOffset="2864" SrcFileId="1" StartOffset="2844"/>
</LocList>
</BasicStmnt>
<CondStmnt CovItemId="S44" CovItemPrefix="at.ticketline.dao.jpa.AuffuehrungDaoJpa.java" Intrnl_Id="119">
<Branch CovItemId="B11" CovItemPrefix="at.ticketline.dao.jpa.AuffuehrungDaoJpa.java" Implct="false" Intrnl_Id="120">
<Cond/>
<LocList>
<Loc EndOffset="2940" SrcFileId="1" StartOffset="2902"/>
</LocList>
<StmntSeq Intrnl_Id="121">
<LocList>
<Loc EndOffset="2935" SrcFileId="1" StartOffset="2908"/>
</LocList>
<BasicStmnt CovItemId="S45" CovItemPrefix="at.ticketline.dao.jpa.AuffuehrungDaoJpa.java" Intrnl_Id="122">
<LocList>
<Loc EndOffset="2935" SrcFileId="1" StartOffset="2908"/>
</LocList>
</BasicStmnt>
</StmntSeq>
</Branch>
<Branch CovItemId="B12" CovItemPrefix="at.ticketline.dao.jpa.AuffuehrungDaoJpa.java" Implct="true" Intrnl_Id="123">
<Cond/>
<LocList/>
<StmntSeq Intrnl_Id="124">
<LocList/>
</StmntSeq>
</Branch>
<Keyword EndOffset="2871" SrcFileId="1" StartOffset="2869"/>
<LocList>
<Loc EndOffset="2940" SrcFileId="1" StartOffset="2869"/>
</LocList>
<RootTerm CovItemId="C9" CovItemPrefix="at.ticketline.dao.jpa.AuffuehrungDaoJpa.java" Intrnl_Id="125">
<BasicBoolTerm Intrnl_Id="126">
<LocList>
<Loc EndOffset="2900" SrcFileId="1" StartOffset="2873"/>
</LocList>
</BasicBoolTerm>
</RootTerm>
</CondStmnt>
</StmntSeq>
<Keyword EndOffset="2561" SrcFileId="1" StartOffset="2558"/>
<LocList>
<Loc EndOffset="2944" SrcFileId="1" StartOffset="2558"/>
</LocList>
</LoopStmnt>
<BasicStmnt CovItemId="S46" CovItemPrefix="at.ticketline.dao.jpa.AuffuehrungDaoJpa.java" Intrnl_Id="127">
<LocList>
<Loc EndOffset="2968" SrcFileId="1" StartOffset="2948"/>
</LocList>
</BasicStmnt>
</StmntSeq>
</HierarchyLvl>
</HierarchyLvl>
</HierarchyLvl>
</HierarchyLvl>
</HierarchyLvl>
</HierarchyLvl>
</HierarchyLvl>
</MASTRoot>
</TestSessionContainer>
